<?xml version="1.0" encoding="UTF-8"?>
<testng-results ignored="0" total="6" passed="6" failed="0" skipped="0">
  <reporter-output>
  </reporter-output>
  <suite started-at="2023-02-19T10:17:32Z" name="Suite" finished-at="2023-02-19T10:20:38Z" duration-ms="185304">
    <groups>
    </groups>
    <test started-at="2023-02-19T10:17:32Z" name="Test" finished-at="2023-02-19T10:20:38Z" duration-ms="185304">
      <class name="com.ngc.tests.AccountsTest">
        <test-method is-config="true" signature="Setup()[pri:0, instance:com.ngc.tests.AccountsTest@327c7bea]" started-at="2023-02-19T10:19:52Z" name="Setup" finished-at="2023-02-19T10:19:56Z" duration-ms="3443" status="PASS">
          <reporter-output>
          </reporter-output>
        </test-method> <!-- Setup -->
        <test-method signature="creditDetailsHeaders()[pri:6, instance:com.ngc.tests.AccountsTest@327c7bea]" started-at="2023-02-19T10:19:56Z" name="creditDetailsHeaders" finished-at="2023-02-19T10:20:38Z" duration-ms="41888" status="PASS">
          <reporter-output>
          </reporter-output>
        </test-method> <!-- creditDetailsHeaders -->
      </class> <!-- com.ngc.tests.AccountsTest -->
      <class name="com.ngc.tests.LeadsTest">
        <test-method is-config="true" signature="Setup()[pri:0, instance:com.ngc.tests.LeadsTest@2c2db130]" started-at="2023-02-19T10:17:32Z" name="Setup" finished-at="2023-02-19T10:17:38Z" duration-ms="5934" status="PASS">
          <reporter-output>
          </reporter-output>
        </test-method> <!-- Setup -->
        <test-method signature="noDuplicateFlexMsg()[pri:1, instance:com.ngc.tests.LeadsTest@2c2db130]" started-at="2023-02-19T10:17:39Z" name="noDuplicateFlexMsg" finished-at="2023-02-19T10:17:48Z" duration-ms="9558" status="PASS">
          <reporter-output>
          </reporter-output>
        </test-method> <!-- noDuplicateFlexMsg -->
        <test-method is-config="true" signature="afterMethod()[pri:0, instance:com.ngc.tests.LeadsTest@2c2db130]" started-at="2023-02-19T10:17:48Z" name="afterMethod" finished-at="2023-02-19T10:17:49Z" duration-ms="467" status="PASS">
          <reporter-output>
          </reporter-output>
        </test-method> <!-- afterMethod -->
        <test-method is-config="true" signature="Setup()[pri:0, instance:com.ngc.tests.LeadsTest@2c2db130]" started-at="2023-02-19T10:17:49Z" name="Setup" finished-at="2023-02-19T10:17:52Z" duration-ms="3110" status="PASS">
          <reporter-output>
          </reporter-output>
        </test-method> <!-- Setup -->
        <test-method signature="DuplicatesFlexMsg()[pri:2, instance:com.ngc.tests.LeadsTest@2c2db130]" started-at="2023-02-19T10:17:52Z" name="DuplicatesFlexMsg" finished-at="2023-02-19T10:18:04Z" duration-ms="12630" status="PASS">
          <reporter-output>
          </reporter-output>
        </test-method> <!-- DuplicatesFlexMsg -->
        <test-method is-config="true" signature="afterMethod()[pri:0, instance:com.ngc.tests.LeadsTest@2c2db130]" started-at="2023-02-19T10:18:04Z" name="afterMethod" finished-at="2023-02-19T10:18:05Z" duration-ms="505" status="PASS">
          <reporter-output>
          </reporter-output>
        </test-method> <!-- afterMethod -->
        <test-method is-config="true" signature="Setup()[pri:0, instance:com.ngc.tests.LeadsTest@2c2db130]" started-at="2023-02-19T10:18:05Z" name="Setup" finished-at="2023-02-19T10:18:08Z" duration-ms="3179" status="PASS">
          <reporter-output>
          </reporter-output>
        </test-method> <!-- Setup -->
        <test-method signature="VerifyEmail()[pri:3, instance:com.ngc.tests.LeadsTest@2c2db130]" started-at="2023-02-19T10:18:08Z" name="VerifyEmail" finished-at="2023-02-19T10:18:27Z" duration-ms="18964" status="PASS">
          <reporter-output>
          </reporter-output>
        </test-method> <!-- VerifyEmail -->
        <test-method is-config="true" signature="afterMethod()[pri:0, instance:com.ngc.tests.LeadsTest@2c2db130]" started-at="2023-02-19T10:18:27Z" name="afterMethod" finished-at="2023-02-19T10:18:28Z" duration-ms="466" status="PASS">
          <reporter-output>
          </reporter-output>
        </test-method> <!-- afterMethod -->
        <test-method is-config="true" signature="Setup()[pri:0, instance:com.ngc.tests.LeadsTest@2c2db130]" started-at="2023-02-19T10:18:28Z" name="Setup" finished-at="2023-02-19T10:18:31Z" duration-ms="3397" status="PASS">
          <reporter-output>
          </reporter-output>
        </test-method> <!-- Setup -->
        <test-method signature="E2E()[pri:4, instance:com.ngc.tests.LeadsTest@2c2db130]" started-at="2023-02-19T10:18:31Z" name="E2E" finished-at="2023-02-19T10:19:12Z" duration-ms="40897" status="PASS">
          <reporter-output>
          </reporter-output>
        </test-method> <!-- E2E -->
        <test-method is-config="true" signature="afterMethod()[pri:0, instance:com.ngc.tests.LeadsTest@2c2db130]" started-at="2023-02-19T10:19:12Z" name="afterMethod" finished-at="2023-02-19T10:19:12Z" duration-ms="607" status="PASS">
          <reporter-output>
          </reporter-output>
        </test-method> <!-- afterMethod -->
        <test-method is-config="true" signature="Setup()[pri:0, instance:com.ngc.tests.LeadsTest@2c2db130]" started-at="2023-02-19T10:19:12Z" name="Setup" finished-at="2023-02-19T10:19:16Z" duration-ms="3151" status="PASS">
          <reporter-output>
          </reporter-output>
        </test-method> <!-- Setup -->
        <test-method signature="EditAppBtn()[pri:5, instance:com.ngc.tests.LeadsTest@2c2db130]" started-at="2023-02-19T10:19:16Z" name="EditAppBtn" finished-at="2023-02-19T10:19:52Z" duration-ms="36326" status="PASS">
          <reporter-output>
          </reporter-output>
        </test-method> <!-- EditAppBtn -->
        <test-method is-config="true" signature="afterMethod()[pri:0, instance:com.ngc.tests.LeadsTest@2c2db130]" started-at="2023-02-19T10:19:52Z" name="afterMethod" finished-at="2023-02-19T10:19:52Z" duration-ms="434" status="PASS">
          <reporter-output>
          </reporter-output>
        </test-method> <!-- afterMethod -->
      </class> <!-- com.ngc.tests.LeadsTest -->
    </test> <!-- Test -->
  </suite> <!-- Suite -->
</testng-results>
