<?xml version="1.0" encoding="UTF-8"?>
<testsuite xmlns:xsi="http://www.w3.org/2001/XMLSchema-instance" xsi:noNamespaceSchemaLocation="https://maven.apache.org/surefire/maven-surefire-plugin/xsd/surefire-test-report-3.0.xsd" version="3.0" name="TestSuite" time="187.134" tests="6" errors="0" skipped="0" failures="0">
  <properties>
[...]
</properties>
  <testcase name="noDuplicateFlexMsg" classname="com.ngc.tests.LeadsTest" time="9.437">
    <system-out><![CDATA[[TestNGContentHandler] [WARN] It is strongly recommended to add "<!DOCTYPE suite SYSTEM "http://testng.org/testng-1.0.dtd" >" at the top of your file, otherwise TestNG may fail or not work as expected.
]]></system-out>
    <system-err><![CDATA[SLF4J: Failed to load class "org.slf4j.impl.StaticLoggerBinder".
SLF4J: Defaulting to no-operation (NOP) logger implementation
SLF4J: See http://www.slf4j.org/codes.html#StaticLoggerBinder for further details.
]]></system-err>
  </testcase>
  <testcase name="DuplicatesFlexMsg" classname="com.ngc.tests.LeadsTest" time="12.632">
    <system-out><![CDATA[We found no potential duplicates of this Lead.
]]></system-out>
  </testcase>
  <testcase name="VerifyEmail" classname="com.ngc.tests.LeadsTest" time="18.969">
    <system-out><![CDATA[We found no potential duplicates of this Lead.
]]></system-out>
  </testcase>
  <testcase name="E2E" classname="com.ngc.tests.LeadsTest" time="40.897"/>
  <testcase name="EditAppBtn" classname="com.ngc.tests.LeadsTest" time="36.326"/>
  <testcase name="creditDetailsHeaders" classname="com.ngc.tests.AccountsTest" time="41.888"/>
</testsuite>