<?xml version="1.0" encoding="UTF-8"?>
<!-- Generated by org.testng.reporters.JUnitXMLReporter -->
<testsuite ignored="0" hostname="RUSH-OHTHJPUJ3S" failures="0" tests="6" name="Test" time="185.304" errors="0" timestamp="19 Feb 2023 10:20:38 GMT">
  <testcase classname="com.ngc.tests.LeadsTest" name="noDuplicateFlexMsg" time="9.558"/>
  <testcase classname="com.ngc.tests.LeadsTest" name="DuplicatesFlexMsg" time="12.63"/>
  <testcase classname="com.ngc.tests.LeadsTest" name="VerifyEmail" time="18.964"/>
  <testcase classname="com.ngc.tests.LeadsTest" name="E2E" time="40.897"/>
  <testcase classname="com.ngc.tests.LeadsTest" name="EditAppBtn" time="36.326"/>
  <testcase classname="com.ngc.tests.AccountsTest" name="creditDetailsHeaders" time="41.888"/>
</testsuite> <!-- Test -->
