<?xml version="1.0" encoding="UTF-8"?>
<!-- Generated by org.testng.reporters.JUnitXMLReporter -->
<testsuite ignored="0" hostname="RUSH-OHTHJPUJ3S" failures="0" tests="6" name="Test" time="195.627" errors="0" timestamp="19 Feb 2023 09:39:39 GMT">
  <testcase classname="com.ngc.tests.LeadsTest" name="noDuplicateFlexMsg" time="11.188"/>
  <testcase classname="com.ngc.tests.LeadsTest" name="DuplicatesFlexMsg" time="12.828"/>
  <testcase classname="com.ngc.tests.LeadsTest" name="VerifyEmail" time="19.684"/>
  <testcase classname="com.ngc.tests.LeadsTest" name="E2E" time="37.159"/>
  <testcase classname="com.ngc.tests.LeadsTest" name="EditAppBtn" time="40.947"/>
  <testcase classname="com.ngc.tests.AccountsTest" name="creditDetailsHeaders" time="48.478"/>
</testsuite> <!-- Test -->
