<?xml version="1.0" encoding="UTF-8"?>
<testng-results ignored="0" total="1" passed="1" failed="0" skipped="0">
  <reporter-output>
  </reporter-output>
  <suite started-at="2023-02-25T18:01:41Z" name="Default suite" finished-at="2023-02-25T18:03:02Z" duration-ms="80349">
    <groups>
    </groups>
    <test started-at="2023-02-25T18:01:41Z" name="Default test" finished-at="2023-02-25T18:03:02Z" duration-ms="80349">
      <class name="com.ngc.tests.AccountsTest">
        <test-method is-config="true" signature="Setup()[pri:0, instance:com.ngc.tests.AccountsTest@363f0ba0]" started-at="2023-02-25T18:01:41Z" name="Setup" finished-at="2023-02-25T18:01:49Z" duration-ms="7202" status="PASS">
          <reporter-output>
          </reporter-output>
        </test-method> <!-- Setup -->
        <test-method signature="FloorPlansVerification()[pri:8, instance:com.ngc.tests.AccountsTest@363f0ba0]" started-at="2023-02-25T18:01:49Z" name="FloorPlansVerification" finished-at="2023-02-25T18:03:02Z" duration-ms="72833" status="PASS">
          <reporter-output>
          </reporter-output>
        </test-method> <!-- FloorPlansVerification -->
      </class> <!-- com.ngc.tests.AccountsTest -->
    </test> <!-- Default test -->
  </suite> <!-- Default suite -->
</testng-results>
